Build started 10/10/2015 10:21:18 PM.
     1>Project "\\Mac\Home\Documents\Visual Studio 2013\Projects\VS 2013\CST 211\L03 Joseph Maurer\L03 Joseph Maurer\L03 Joseph Maurer.vcxproj" on node 2 (Build target(s)).
     1>ClCompile:
         C:\Program Files (x86)\Microsoft Visual Studio 12.0\VC\bin\CL.exe /c /ZI /nologo /W3 /WX- /sdl /Od /Oy- /D WIN32 /D _DEBUG /D _CONSOLE /D _LIB /D _UNICODE /D UNICODE /Gm /EHsc /RTC1 /MDd /GS /fp:precise /Zc:wchar_t /Zc:forScope /Fo"Debug\\" /Fd"Debug\vc120.pdb" /Gd /TP /analyze- /errorReport:prompt Board.cpp Card.cpp Deck.cpp Display.cpp Exception.cpp FreeCellArea.cpp FreeCellGame.cpp HomeCellArea.cpp "Lab 3 Main.cpp" PlayArea.cpp
         PlayArea.cpp
         Lab 3 Main.cpp
         HomeCellArea.cpp
         FreeCellGame.cpp
         FreeCellArea.cpp
         Exception.cpp
         Display.cpp
         Deck.cpp
         Card.cpp
         Board.cpp
         Generating Code...
       Link:
         C:\Program Files (x86)\Microsoft Visual Studio 12.0\VC\bin\link.exe /ERRORREPORT:PROMPT /OUT:"\\Mac\Home\Documents\Visual Studio 2013\Projects\VS 2013\CST 211\L03 Joseph Maurer\Debug\L03 Joseph Maurer.exe" /INCREMENTAL /NOLOGO kernel32.lib user32.lib gdi32.lib winspool.lib comdlg32.lib advapi32.lib shell32.lib ole32.lib oleaut32.lib uuid.lib odbc32.lib odbccp32.lib /MANIFEST /MANIFESTUAC:"level='asInvoker' uiAccess='false'" /manifest:embed /DEBUG /PDB:"\\Mac\Home\Documents\Visual Studio 2013\Projects\VS 2013\CST 211\L03 Joseph Maurer\Debug\L03 Joseph Maurer.pdb" /SUBSYSTEM:CONSOLE /TLBID:1 /DYNAMICBASE /NXCOMPAT /IMPLIB:"\\Mac\Home\Documents\Visual Studio 2013\Projects\VS 2013\CST 211\L03 Joseph Maurer\Debug\L03 Joseph Maurer.lib" /MACHINE:X86 Debug\Board.obj
         Debug\Card.obj
         Debug\Deck.obj
         Debug\Display.obj
         Debug\Exception.obj
         Debug\FreeCellArea.obj
         Debug\FreeCellGame.obj
         Debug\HomeCellArea.obj
         "Debug\Lab 3 Main.obj"
         Debug\PlayArea.obj
         L03 Joseph Maurer.vcxproj -> \\Mac\Home\Documents\Visual Studio 2013\Projects\VS 2013\CST 211\L03 Joseph Maurer\Debug\L03 Joseph Maurer.exe
     1>Done Building Project "\\Mac\Home\Documents\Visual Studio 2013\Projects\VS 2013\CST 211\L03 Joseph Maurer\L03 Joseph Maurer\L03 Joseph Maurer.vcxproj" (Build target(s)).

Build succeeded.

Time Elapsed 00:00:07.85
